<?xml version="1.0" encoding="UTF-8"?>
<!-- Generated by org.testng.reporters.JUnitReportReporter -->
<testsuite hostname="DESKTOP-3LF450H" failures="0" tests="1" name="CucumberOptions.TestNGTestRunner" time="0.242" errors="0" timestamp="2021-06-30T12:08:16 IST" skipped="0">
  <testcase classname="CucumberOptions.TestNGTestRunner" name="runScenario" time="0.242"/>
  <system-out/>
</testsuite> <!-- CucumberOptions.TestNGTestRunner -->
