<?xml version="1.0" encoding="UTF-8"?>
<!-- Generated by org.testng.reporters.JUnitReportReporter -->
<testsuite hostname="DESKTOP-3LF450H" failures="0" tests="1" name="CucumberOptions.TestNGTestRunner" time="0.549" errors="0" timestamp="2021-07-01T22:57:05 IST" skipped="0">
  <testcase classname="CucumberOptions.TestNGTestRunner" name="runScenario" time="0.549"/>
  <system-out/>
</testsuite> <!-- CucumberOptions.TestNGTestRunner -->
